Removed Pin From Net: NetName=DGND Pin=FB2-1
Removed Pin From Net: NetName=DGND Pin=FB6-1
Removed Pin From Net: NetName=DGND Pin=FB8-1
Removed Pin From Net: NetName=DGND Pin=FB10-1
Removed Pin From Net: NetName=NetR3_1 Pin=U3-6
Removed Pin From Net: NetName=+1.7VCC Pin=U3-8
Change Component Designator: OldDesignator=Y Axis NEMA 17 Motor NewDesignator=MOTOR
Added Pin To Net: NetName=DGND Pin=C1-2
Added Pin To Net: NetName=DGND Pin=C2-1
Added Pin To Net: NetName=DGND Pin=C3-1
Added Pin To Net: NetName=DGND Pin=C4-1
Added Pin To Net: NetName=DGND Pin=C5-2
Added Pin To Net: NetName=DGND Pin=C6-1
Added Pin To Net: NetName=DGND Pin=C7-1
Added Pin To Net: NetName=DGND Pin=C8-1
Added Pin To Net: NetName=DGND Pin=C9-2
Added Pin To Net: NetName=DGND Pin=C10-1
Added Pin To Net: NetName=DGND Pin=C11-1
Added Pin To Net: NetName=DGND Pin=C12-1
Added Pin To Net: NetName=DGND Pin=C14-2
Added Pin To Net: NetName=DGND Pin=C15-2
Added Pin To Net: NetName=DGND Pin=D1-1
Added Pin To Net: NetName=DGND Pin=D3-1
Added Pin To Net: NetName=DGND Pin=FB3-2
Added Pin To Net: NetName=DGND Pin=FB4-2
Added Pin To Net: NetName=DGND Pin=R4-1
Added Pin To Net: NetName=DGND Pin=U1-2
Added Pin To Net: NetName=DGND Pin=U1-4
Added Pin To Net: NetName=DGND Pin=U2-2
Added Pin To Net: NetName=DGND Pin=U3-2
Change Net Name : Old Net Name=DGND New Net Name=GND
Added Member To Class: ClassName=Ribbon Interface Member=Component MOTOR Header 5X2
