Removed Pin From Net: NetName=+3.3VCC Pin=C28-2
Removed Pin From Net: NetName=NetR3_1 Pin=U3-6
Removed Pin From Net: NetName=+1.7VCC Pin=U3-8
Added Component: Designator=C29(1608[0603])
Added Component: Designator=U9(TXB0108)
Added Pin To Net: NetName=+5VCC Pin=C28-2
Added Pin To Net: NetName=GND Pin=C29-1
Added Pin To Net: NetName=+3.3VCC Pin=C29-2
Added Pin To Net: NetName=SCLK Pin=U9-1
Added Pin To Net: NetName=CS_T1 Pin=U9-2
Added Pin To Net: NetName=MOSI Pin=U9-3
Added Pin To Net: NetName=CS_T2 Pin=U9-4
Added Pin To Net: NetName=+3.3VCC Pin=U9-5
Added Pin To Net: NetName=+3.3VCC Pin=U9-6
Added Pin To Net: NetName=CS_T3 Pin=U9-7
Added Pin To Net: NetName=CS_T4 Pin=U9-8
Added Pin To Net: NetName=ES1_OUT Pin=U9-9
Added Pin To Net: NetName=ES2_OUT Pin=U9-10
Added Pin To Net: NetName=GND Pin=U9-11
Added Pin To Net: NetName=NetRIBBON_13 Pin=U9-12
Added Pin To Net: NetName=NetRIBBON_12 Pin=U9-13
Added Pin To Net: NetName=NetRIBBON_11 Pin=U9-14
Added Pin To Net: NetName=NetRIBBON_10 Pin=U9-15
Added Pin To Net: NetName=NetRIBBON_9 Pin=U9-16
Added Pin To Net: NetName=NetRIBBON_8 Pin=U9-17
Added Pin To Net: NetName=NetRIBBON_7 Pin=U9-18
Added Pin To Net: NetName=+5VCC Pin=U9-19
Added Pin To Net: NetName=NetRIBBON_6 Pin=U9-20
Change Net Name : Old Net Name=MOSI New Net Name=MISO
Added Member To Class: ClassName=Ribbon Interface Member=Component C29 0603
Added Member To Class: ClassName=Ribbon Interface Member=Component U9 TXB0108
